
   Program  MARK  - Survival Rate Estimation with Capture-Recapture Data
   gfortran(Win64) Vers. 8.2 Sep 2017    6-Nov-2017 21:02:21    Page  001
 - - - - - - - - - - - - - - - - - - - - - - - - - - - - - - - - - - - - - -
 
   This version was compiled by GCC version 5.3.0 using the options: 
     -cpp -iprefix c:\tdm-gcc-64\gcc\bin\../lib/gcc/x86_64-w64-mingw32/5.3.0/ -D_MT
     -U_REENTRANT -D IEEE -m64 -mtune=generic -march=x86-64 -mthreads -O2
     -fimplicit-none -fbounds-check -funroll-loops -ftree-vectorize
     -ffpe-summary=invalid,zero,overflow,underflow -fno-unsafe-math-optimizations
     -frounding-math -fsignaling-nans -fopenmp.

   This problem will use 3 of 4 possible threads.


  INPUT --- proc title ;

     CPU Time in seconds for last procedure was 0.00


  INPUT --- proc chmatrix occasions= 15 groups= 2 etype= Known ICMeans 
  INPUT --- NoHist hist= 74 ;

  INPUT ---    time  interval 1 1 1 1 1 1 1 1 1 1 1 1 1 1 1 ;

  INPUT ---    glabel(1)=sexF;

  INPUT ---    glabel(2)=sexM;

   * *  WARNING  * *   At least a pair of the encounter histories are duplicates. 

      Number of unique encounter histories read was 60.

      Number of individual covariates read was 0.
      Time interval lengths are all equal to 1.

      Data type number is 4
      Data type is Known Fate                                                                                          

     CPU Time in seconds for last procedure was 0.00

  Program  MARK  - Survival Rate Estimation with Capture-Recapture Data
   gfortran(Win64) Vers. 8.2 Sep 2017    6-Nov-2017 21:02:21    Page  002
 - - - - - - - - - - - - - - - - - - - - - - - - - - - - - - - - - - - - - -
 


  INPUT --- proc estimate link=Logit NOLOOP varest=2ndPart    ;


  INPUT --- model={ S(~sex) };

  INPUT ---    group=1 S    rows=1 cols=15 Square ;
  INPUT ---        1 1 1 1 1 1 1 1 1 1 1 1 1 1 1 ;

  INPUT ---    group=2 S    rows=1 cols=15 Square ;
  INPUT ---        2 2 2 2 2 2 2 2 2 2 2 2 2 2 2 ;

  INPUT ---    design matrix constraints=2 covariates=2;
  INPUT ---        1 0;
  INPUT ---        1 1;
  INPUT ---       blabel(1)=S:(Intercept);
  INPUT ---       blabel(2)=S:sexM;
  INPUT ---       rlabel(1)=S gF a1 t2;
  INPUT ---       rlabel(2)=S gM a1 t2;

 Link Function Used is LOGIT        

 Variance Estimation Procedure Used is 2ndPart 
 -2logL(saturated) = 64.306168     
 Effective Sample Size = 278

 Number of function evaluations was 17 for 2 parameters.
 Time for numerical optimization was 0.01 seconds.
 -2logL { S(~sex) } = 91.557289     
 Penalty { S(~sex) } = -0.0000000    
 Gradient { S(~sex) }:
  0.8467278E-06 0.1057985E-05
 S Vector { S(~sex) }:
   12.11743      2.000279    
 Time to compute number of parameters was 0.01 seconds.
   Threshold =  0.6000000E-07     Condition index =  0.1650745         New Threshold =   2.828821    
 New Guessimate of Estimated Parameters { S(~sex) } = 1          
 Conditioned S Vector { S(~sex) }:
   1.000000     0.1650745    
 Number of Estimated Parameters { S(~sex) } = 2          
 DEVIANCE { S(~sex) } = 27.251122                     
 DEVIANCE Degrees of Freedom { S(~sex) } = 28            
 c-hat { S(~sex) } = 0.9732543                     
 AIC { S(~sex) } = 95.557289                  
 AICc { S(~sex) } = 95.600926                    
 BIC { S(~sex) } = 102.81253                    
 Pearson Chisquare { S(~sex) } = 1029.5523                  
 Possible Encounter Histories { S(~sex) } = 60             
 Pearson Chisquare df { S(~sex) } = 56        
 Pearson chat { S(~sex) } = 18.384862                  
 Sum(Observed/Expected) { S(~sex) } = 44.226568                  
 Fletcher chat { S(~sex) } = 24.941835                  


                         LOGIT Link Function Parameters of { S(~sex) }
                                                              95% Confidence Interval
 Parameter                    Beta         Standard Error      Lower           Upper
 -------------------------  --------------  --------------  --------------  --------------
    1:S:(Intercept)         2.3566523       0.3487656       1.6730718       3.0402328     
    2:S:sexM                1.6863990       0.6788363       0.3558799       3.0169180     

  Program  MARK  - Survival Rate Estimation with Capture-Recapture Data
   gfortran(Win64) Vers. 8.2 Sep 2017    6-Nov-2017 21:02:21    Page  003
 - - - - - - - - - - - - - - - - - - - - - - - - - - - - - - - - - - - - - -
 


                         Real Function Parameters of { S(~sex) }
                                                               95% Confidence Interval
  Parameter                  Estimate       Standard Error      Lower           Upper
 --------------------------  --------------  --------------  --------------  --------------
     1:S gF a1 t2            0.9134615       0.0275698       0.8419849       0.9543590                           
     2:S gM a1 t2            0.9827586       0.0098681       0.9479236       0.9944287                           


                     Estimates of Derived Parameters

                   Survival Estimates of { S(~sex) }

       Pr. Surviving
        Duration of                   95% Confidence Interval
 Group     Study      Standard Error     Lower          Upper     
 ----- -------------- -------------- -------------- --------------
   1   0.2572492      0.1164630      0.0949206      0.5335374     
   2   0.7703763      0.1160332      0.4812087      0.9238662     

     CPU Time in seconds for last procedure was 0.02

  Program  MARK  - Survival Rate Estimation with Capture-Recapture Data
   gfortran(Win64) Vers. 8.2 Sep 2017    6-Nov-2017 21:02:21    Page  004
 - - - - - - - - - - - - - - - - - - - - - - - - - - - - - - - - - - - - - -
 


  INPUT --- proc stop;

     CPU Time in minutes for this job was 0.00

     Time Start = 21:02:21.172   Time End = 21:02:21.182

     Wall Clock Time in minutes for this job was 0.00


          E X E C U T I O N   S U C C E S S F U L 
