
   Program  MARK  - Survival Rate Estimation with Capture-Recapture Data
   gfortran(Win64) Vers. 8.2 Sep 2017    7-Nov-2017 08:37:50    Page  001
 - - - - - - - - - - - - - - - - - - - - - - - - - - - - - - - - - - - - - -
 
   This version was compiled by GCC version 5.3.0 using the options: 
     -cpp -iprefix c:\tdm-gcc-64\gcc\bin\../lib/gcc/x86_64-w64-mingw32/5.3.0/ -D_MT
     -U_REENTRANT -D IEEE -m64 -mtune=generic -march=x86-64 -mthreads -O2
     -fimplicit-none -fbounds-check -funroll-loops -ftree-vectorize
     -ffpe-summary=invalid,zero,overflow,underflow -fno-unsafe-math-optimizations
     -frounding-math -fsignaling-nans -fopenmp.

   This problem will use 3 of 4 possible threads.


  INPUT --- proc title ;

     CPU Time in seconds for last procedure was 0.00


  INPUT --- proc chmatrix occasions= 15 groups= 2 etype= Known ICMeans 
  INPUT --- NoHist hist= 29 ;

  INPUT ---    time  interval 1 1 1 1 1 1 1 1 1 1 1 1 1 1 1 ;

  INPUT ---    glabel(1)=sexF;

  INPUT ---    glabel(2)=sexM;

   * *  WARNING  * *   At least a pair of the encounter histories are duplicates. 

      Number of unique encounter histories read was 25.

      Number of individual covariates read was 0.
      Time interval lengths are all equal to 1.

      Data type number is 4
      Data type is Known Fate                                                                                          

     CPU Time in seconds for last procedure was 0.00

  Program  MARK  - Survival Rate Estimation with Capture-Recapture Data
   gfortran(Win64) Vers. 8.2 Sep 2017    7-Nov-2017 08:37:50    Page  002
 - - - - - - - - - - - - - - - - - - - - - - - - - - - - - - - - - - - - - -
 


  INPUT --- proc estimate link=Logit NOLOOP varest=2ndPart    ;


  INPUT --- model={ S(~sex) };

  INPUT ---    group=1 S    rows=1 cols=15 Square ;
  INPUT ---        1 1 1 1 1 1 1 1 1 1 1 1 1 1 1 ;

  INPUT ---    group=2 S    rows=1 cols=15 Square ;
  INPUT ---        2 2 2 2 2 2 2 2 2 2 2 2 2 2 2 ;

  INPUT ---    design matrix constraints=2 covariates=2;
  INPUT ---        1 0;
  INPUT ---        1 1;
  INPUT ---       blabel(1)=S:(Intercept);
  INPUT ---       blabel(2)=S:sexM;
  INPUT ---       rlabel(1)=S gF a1 t2;
  INPUT ---       rlabel(2)=S gM a1 t2;

 Link Function Used is LOGIT        

 Variance Estimation Procedure Used is 2ndPart 
 -2logL(saturated) = 26.102427     
 Effective Sample Size = 96

 Number of function evaluations was 15 for 2 parameters.
 Time for numerical optimization was 0.01 seconds.
 -2logL { S(~sex) } = 57.122861     
 Penalty { S(~sex) } = -0.0000000    
 Gradient { S(~sex) }:
  0.8390767E-06 0.2190501E-06
 S Vector { S(~sex) }:
   8.516364     0.8509570    
 Time to compute number of parameters was 0.01 seconds.
   Threshold =  0.6000000E-07     Condition index =  0.9992023E-01     New Threshold =   1.203435    
 New Guessimate of Estimated Parameters { S(~sex) } = 1          
 Conditioned S Vector { S(~sex) }:
   1.000000     0.9992023E-01
 Number of Estimated Parameters { S(~sex) } = 2          
 DEVIANCE { S(~sex) } = 31.020434                     
 DEVIANCE Degrees of Freedom { S(~sex) } = 25            
 c-hat { S(~sex) } = 1.2408173                     
 AIC { S(~sex) } = 61.122861                  
 AICc { S(~sex) } = 61.251893                    
 BIC { S(~sex) } = 66.251557                    
 Pearson Chisquare { S(~sex) } = 123.86710                  
 Possible Encounter Histories { S(~sex) } = 54             
 Pearson Chisquare df { S(~sex) } = 50        
 Pearson chat { S(~sex) } = 2.4773420                  
 Sum(Observed/Expected) { S(~sex) } = 29.679423                  
 Fletcher chat { S(~sex) } = 4.5073811                  


                         LOGIT Link Function Parameters of { S(~sex) }
                                                              95% Confidence Interval
 Parameter                    Beta         Standard Error      Lower           Upper
 -------------------------  --------------  --------------  --------------  --------------
    1:S:(Intercept)         1.5404450       0.3673154       0.8205068       2.2603833     
    2:S:sexM                2.2437446       1.0759404       0.1349013       4.3525879     

  Program  MARK  - Survival Rate Estimation with Capture-Recapture Data
   gfortran(Win64) Vers. 8.2 Sep 2017    7-Nov-2017 08:37:50    Page  003
 - - - - - - - - - - - - - - - - - - - - - - - - - - - - - - - - - - - - - -
 


                         Real Function Parameters of { S(~sex) }
                                                               95% Confidence Interval
  Parameter                  Estimate       Standard Error      Lower           Upper
 --------------------------  --------------  --------------  --------------  --------------
     1:S gF a1 t2            0.8235294       0.0533815       0.6943439       0.9055424                           
     2:S gM a1 t2            0.9777778       0.0219739       0.8583973       0.9968786                           


                     Estimates of Derived Parameters

                   Survival Estimates of { S(~sex) }

       Pr. Surviving
        Duration of                   95% Confidence Interval
 Group     Study      Standard Error     Lower          Upper     
 ----- -------------- -------------- -------------- --------------
   1   0.0543484      0.0528433      0.0076021      0.3012791     
   2   0.7138426      0.2406363      0.1986419      0.9616923     

     CPU Time in seconds for last procedure was 0.00

  Program  MARK  - Survival Rate Estimation with Capture-Recapture Data
   gfortran(Win64) Vers. 8.2 Sep 2017    7-Nov-2017 08:37:50    Page  004
 - - - - - - - - - - - - - - - - - - - - - - - - - - - - - - - - - - - - - -
 


  INPUT --- proc stop;

     CPU Time in minutes for this job was 0.00

     Time Start = 08:37:50.265   Time End = 08:37:50.272

     Wall Clock Time in minutes for this job was 0.00


          E X E C U T I O N   S U C C E S S F U L 
