
   Program  MARK  - Survival Rate Estimation with Capture-Recapture Data
   gfortran(Win64) Vers. 8.2 Sep 2017    7-Nov-2017 08:37:50    Page  001
 - - - - - - - - - - - - - - - - - - - - - - - - - - - - - - - - - - - - - -
 
   This version was compiled by GCC version 5.3.0 using the options: 
     -cpp -iprefix c:\tdm-gcc-64\gcc\bin\../lib/gcc/x86_64-w64-mingw32/5.3.0/ -D_MT
     -U_REENTRANT -D IEEE -m64 -mtune=generic -march=x86-64 -mthreads -O2
     -fimplicit-none -fbounds-check -funroll-loops -ftree-vectorize
     -ffpe-summary=invalid,zero,overflow,underflow -fno-unsafe-math-optimizations
     -frounding-math -fsignaling-nans -fopenmp.

   This problem will use 3 of 4 possible threads.


  INPUT --- proc title ;

     CPU Time in seconds for last procedure was 0.00


  INPUT --- proc chmatrix occasions= 15 groups= 2 etype= Known ICMeans 
  INPUT --- NoHist hist= 29 ;

  INPUT ---    time  interval 1 1 1 1 1 1 1 1 1 1 1 1 1 1 1 ;

  INPUT ---    glabel(1)=sexF;

  INPUT ---    glabel(2)=sexM;

   * *  WARNING  * *   At least a pair of the encounter histories are duplicates. 

      Number of unique encounter histories read was 25.

      Number of individual covariates read was 0.
      Time interval lengths are all equal to 1.

      Data type number is 4
      Data type is Known Fate                                                                                          

     CPU Time in seconds for last procedure was 0.00

  Program  MARK  - Survival Rate Estimation with Capture-Recapture Data
   gfortran(Win64) Vers. 8.2 Sep 2017    7-Nov-2017 08:37:50    Page  002
 - - - - - - - - - - - - - - - - - - - - - - - - - - - - - - - - - - - - - -
 


  INPUT --- proc estimate link=Logit NOLOOP varest=2ndPart    ;


  INPUT --- model={ S(~1) };

  INPUT ---    group=1 S    rows=1 cols=15 Square ;
  INPUT ---        1 1 1 1 1 1 1 1 1 1 1 1 1 1 1 ;

  INPUT ---    group=2 S    rows=1 cols=15 Square ;
  INPUT ---        1 1 1 1 1 1 1 1 1 1 1 1 1 1 1 ;

  INPUT ---    design matrix constraints=1 covariates=1 identity;
  INPUT ---       blabel(1)=S:(Intercept);
  INPUT ---       rlabel(1)=S gF a1 t2;

 Link Function Used is LOGIT        

 Variance Estimation Procedure Used is 2ndPart 
 -2logL(saturated) = 26.102427     
 Effective Sample Size = 96

 Number of function evaluations was 9 for 1 parameters.
 Time for numerical optimization was 0.01 seconds.
 -2logL { S(~1) } = 64.155416     
 Penalty { S(~1) } = -0.0000000    
 Gradient { S(~1) }:
   0.000000    
 S Vector { S(~1) }:
   8.958334    
 Time to compute number of parameters was 0.01 seconds.
   Threshold =  0.4000000E-07     Condition index =   1.000000         New Threshold =   8.958334    
 New Guessimate of Estimated Parameters { S(~1) } = 1          
 Conditioned S Vector { S(~1) }:
   1.000000    
 Number of Estimated Parameters { S(~1) } = 1          
 DEVIANCE { S(~1) } = 38.052989                     
 DEVIANCE Degrees of Freedom { S(~1) } = 26            
 c-hat { S(~1) } = 1.4635765                     
 AIC { S(~1) } = 66.155416                  
 AICc { S(~1) } = 66.197969                    
 BIC { S(~1) } = 68.719764                    
 Pearson Chisquare { S(~1) } = 125.82528                  
 Possible Encounter Histories { S(~1) } = 54             
 Pearson Chisquare df { S(~1) } = 51        
 Pearson chat { S(~1) } = 2.4671624                  
 Sum(Observed/Expected) { S(~1) } = 29.403837                  
 Fletcher chat { S(~1) } = 4.5309316                  


                          LOGIT Link Function Parameters of { S(~1) }
                                                              95% Confidence Interval
 Parameter                    Beta         Standard Error      Lower           Upper
 -------------------------  --------------  --------------  --------------  --------------
    1:S:(Intercept)         2.1517622       0.3341076       1.4969112       2.8066131     


                          Real Function Parameters of { S(~1) }
                                                               95% Confidence Interval
  Parameter                  Estimate       Standard Error      Lower           Upper
 --------------------------  --------------  --------------  --------------  --------------

  Program  MARK  - Survival Rate Estimation with Capture-Recapture Data
   gfortran(Win64) Vers. 8.2 Sep 2017    7-Nov-2017 08:37:50    Page  003
 - - - - - - - - - - - - - - - - - - - - - - - - - - - - - - - - - - - - - -
 
     1:S gF a1 t2            0.8958333       0.0311776       0.8171133       0.9430321                           


                     Estimates of Derived Parameters

                    Survival Estimates of { S(~1) }

       Pr. Surviving
        Duration of                   95% Confidence Interval
 Group     Study      Standard Error     Lower          Upper     
 ----- -------------- -------------- -------------- --------------
   1   0.1920473      0.1002570      0.0627861      0.4575163     
   2   0.1920473      0.1002570      0.0627861      0.4575163     

     CPU Time in seconds for last procedure was 0.02


  INPUT --- proc stop;

     CPU Time in minutes for this job was 0.00

     Time Start = 08:37:50.004   Time End = 08:37:50.009

     Wall Clock Time in minutes for this job was 0.00


          E X E C U T I O N   S U C C E S S F U L 
