
   Program  MARK  - Survival Rate Estimation with Capture-Recapture Data
   gfortran(Win64) Vers. 8.2 Sep 2017    7-Nov-2017 08:40:28    Page  001
 - - - - - - - - - - - - - - - - - - - - - - - - - - - - - - - - - - - - - -
 
   This version was compiled by GCC version 5.3.0 using the options: 
     -cpp -iprefix c:\tdm-gcc-64\gcc\bin\../lib/gcc/x86_64-w64-mingw32/5.3.0/ -D_MT
     -U_REENTRANT -D IEEE -m64 -mtune=generic -march=x86-64 -mthreads -O2
     -fimplicit-none -fbounds-check -funroll-loops -ftree-vectorize
     -ffpe-summary=invalid,zero,overflow,underflow -fno-unsafe-math-optimizations
     -frounding-math -fsignaling-nans -fopenmp.

   This problem will use 3 of 4 possible threads.


  INPUT --- proc title ;

     CPU Time in seconds for last procedure was 0.00


  INPUT --- proc chmatrix occasions= 15 groups= 2 etype= Known ICMeans 
  INPUT --- NoHist hist= 17 ;

  INPUT ---    time  interval 1 1 1 1 1 1 1 1 1 1 1 1 1 1 1 ;

  INPUT ---    glabel(1)=sexF;

  INPUT ---    glabel(2)=sexM;

   * *  WARNING  * *   At least a pair of the encounter histories are duplicates. 

      Number of unique encounter histories read was 15.

      Number of individual covariates read was 0.
      Time interval lengths are all equal to 1.

      Data type number is 4
      Data type is Known Fate                                                                                          

     CPU Time in seconds for last procedure was 0.00

  Program  MARK  - Survival Rate Estimation with Capture-Recapture Data
   gfortran(Win64) Vers. 8.2 Sep 2017    7-Nov-2017 08:40:28    Page  002
 - - - - - - - - - - - - - - - - - - - - - - - - - - - - - - - - - - - - - -
 


  INPUT --- proc estimate link=Logit NOLOOP varest=2ndPart    ;


  INPUT --- model={ S(~sex) };

  INPUT ---    group=1 S    rows=1 cols=15 Square ;
  INPUT ---        1 1 1 1 1 1 1 1 1 1 1 1 1 1 1 ;

  INPUT ---    group=2 S    rows=1 cols=15 Square ;
  INPUT ---        2 2 2 2 2 2 2 2 2 2 2 2 2 2 2 ;

  INPUT ---    design matrix constraints=2 covariates=2;
  INPUT ---        1 0;
  INPUT ---        1 1;
  INPUT ---       blabel(1)=S:(Intercept);
  INPUT ---       blabel(2)=S:sexM;
  INPUT ---       rlabel(1)=S gF a1 t2;
  INPUT ---       rlabel(2)=S gM a1 t2;

 Link Function Used is LOGIT        

 Variance Estimation Procedure Used is 2ndPart 
 -2logL(saturated) = 6.0283226     
 Effective Sample Size = 57

 Number of function evaluations was 35 for 2 parameters.
 Time for numerical optimization was 0.01 seconds.
 -2logL { S(~sex) } = 9.7214225     
 Penalty { S(~sex) } = -0.0000000    
 Gradient { S(~sex) }:
  0.4977226E-04 0.4977010E-04
 S Vector { S(~sex) }:
   1.958287     0.1050082E-05
 Time to compute number of parameters was 0.01 seconds.
   Threshold =  0.6000000E-07     Condition index =  0.5362246E-06     New Threshold =  0.1485040E-05
 New Guessimate of Estimated Parameters { S(~sex) } = 1          
 Conditioned S Vector { S(~sex) }:
   1.000000     0.5362246E-06
 Number of Estimated Parameters { S(~sex) } = 2          
 DEVIANCE { S(~sex) } = 3.6930999                     
 DEVIANCE Degrees of Freedom { S(~sex) } = 8            
 c-hat { S(~sex) } = 0.4616375                     
 AIC { S(~sex) } = 13.721423                  
 AICc { S(~sex) } = 13.943645                    
 BIC { S(~sex) } = 17.807525                    
 Pearson Chisquare { S(~sex) } = 165.87357                  
 Possible Encounter Histories { S(~sex) } = 20             
 Pearson Chisquare df { S(~sex) } = 16        
 Pearson chat { S(~sex) } = 10.367098                  
 Sum(Observed/Expected) { S(~sex) } = 6.3169308                  
 Fletcher chat { S(~sex) } = 32.823213                  


                         LOGIT Link Function Parameters of { S(~sex) }
                                                              95% Confidence Interval
 Parameter                    Beta         Standard Error      Lower           Upper
 -------------------------  --------------  --------------  --------------  --------------
    1:S:(Intercept)         20.056922       0.0000000       20.056922       20.056922     
    2:S:sexM                -16.206749      0.0000000       -16.206749      -16.206749    

  Program  MARK  - Survival Rate Estimation with Capture-Recapture Data
   gfortran(Win64) Vers. 8.2 Sep 2017    7-Nov-2017 08:40:28    Page  003
 - - - - - - - - - - - - - - - - - - - - - - - - - - - - - - - - - - - - - -
 


                         Real Function Parameters of { S(~sex) }
                                                               95% Confidence Interval
  Parameter                  Estimate       Standard Error      Lower           Upper
 --------------------------  --------------  --------------  --------------  --------------
     1:S gF a1 t2            1.0000000       0.0000000       1.0000000       1.0000000                           
     2:S gM a1 t2            0.9791672       0.0206149       0.8663898       0.9970733                           


                     Estimates of Derived Parameters

                   Survival Estimates of { S(~sex) }

       Pr. Surviving
        Duration of                   95% Confidence Interval
 Group     Study      Standard Error     Lower          Upper     
 ----- -------------- -------------- -------------- --------------
   1   1.0000000      0.0000000      1.0000000      1.0000000     
   2   0.7292102      0.2302871      0.2149751      0.9636114     

     CPU Time in seconds for last procedure was 0.00

  Program  MARK  - Survival Rate Estimation with Capture-Recapture Data
   gfortran(Win64) Vers. 8.2 Sep 2017    7-Nov-2017 08:40:28    Page  004
 - - - - - - - - - - - - - - - - - - - - - - - - - - - - - - - - - - - - - -
 


  INPUT --- proc stop;

     CPU Time in minutes for this job was 0.00

     Time Start = 08:40:28.637   Time End = 08:40:28.645

     Wall Clock Time in minutes for this job was 0.00


          E X E C U T I O N   S U C C E S S F U L 
