
   Program  MARK  - Survival Rate Estimation with Capture-Recapture Data
   gfortran(Win64) Vers. 8.2 Sep 2017    7-Nov-2017 08:37:51    Page  001
 - - - - - - - - - - - - - - - - - - - - - - - - - - - - - - - - - - - - - -
 
   This version was compiled by GCC version 5.3.0 using the options: 
     -cpp -iprefix c:\tdm-gcc-64\gcc\bin\../lib/gcc/x86_64-w64-mingw32/5.3.0/ -D_MT
     -U_REENTRANT -D IEEE -m64 -mtune=generic -march=x86-64 -mthreads -O2
     -fimplicit-none -fbounds-check -funroll-loops -ftree-vectorize
     -ffpe-summary=invalid,zero,overflow,underflow -fno-unsafe-math-optimizations
     -frounding-math -fsignaling-nans -fopenmp.

   This problem will use 3 of 4 possible threads.


  INPUT --- proc title ;

     CPU Time in seconds for last procedure was 0.00


  INPUT --- proc chmatrix occasions= 15 groups= 2 etype= Known icovar = 
  INPUT --- 1 ICMeans NoHist hist= 36  ;

  INPUT ---    time interval 1 1 1 1 1 1 1 1 1 1 1 1 1 1 1 ;

  INPUT ---     icovariates w.age ;

  INPUT ---    glabel(1)=sexF;

  INPUT ---    glabel(2)=sexM;

      Number of unique encounter histories read was 36.

      Number of individual covariates read was 1.
      Time interval lengths are all equal to 1.

      Data type number is 4
      Data type is Known Fate                                                                                          

     CPU Time in seconds for last procedure was 0.00

  Program  MARK  - Survival Rate Estimation with Capture-Recapture Data
   gfortran(Win64) Vers. 8.2 Sep 2017    7-Nov-2017 08:37:51    Page  002
 - - - - - - - - - - - - - - - - - - - - - - - - - - - - - - - - - - - - - -
 


  INPUT --- proc estimate link=Logit NOLOOP varest=2ndPart    ;


  INPUT --- model={ S(~w.age) };

  INPUT ---    group=1 S    rows=1 cols=15 Square ;
  INPUT ---        1 1 1 1 1 1 1 1 1 1 1 1 1 1 1 ;

  INPUT ---    group=2 S    rows=1 cols=15 Square ;
  INPUT ---        1 1 1 1 1 1 1 1 1 1 1 1 1 1 1 ;

  INPUT ---    design matrix constraints=1 covariates=2;
  INPUT ---        1 w.age;
  INPUT ---       blabel(1)=S:(Intercept);
  INPUT ---       blabel(2)=S:w.age;
  INPUT ---       rlabel(1)=S gF a1 t2;

 Link Function Used is LOGIT        

 Variance Estimation Procedure Used is 2ndPart 
 -2logL(saturated) = -0.0000000    
 Effective Sample Size = 96

 Number of function evaluations was 11 for 2 parameters.
 Time for numerical optimization was 0.01 seconds.
 -2logL { S(~w.age) } = 63.551211     
 Penalty { S(~w.age) } = -0.0000000    
 Gradient { S(~w.age) }:
   0.000000      0.000000    
 S Vector { S(~w.age) }:
   11.79978      1.677089    
 Time to compute number of parameters was 0.01 seconds.
   Threshold =  0.6000000E-07     Condition index =  0.1421289         New Threshold =   2.371762    
 New Guessimate of Estimated Parameters { S(~w.age) } = 1          
 Conditioned S Vector { S(~w.age) }:
   1.000000     0.1421289    
 Number of Estimated Parameters { S(~w.age) } = 2          
 DEVIANCE { S(~w.age) } = 63.551211                     
 DEVIANCE Degrees of Freedom { S(~w.age) } = 45            
 c-hat { S(~w.age) } = 1.4122491                     
 AIC { S(~w.age) } = 67.551211                  
 AICc { S(~w.age) } = 67.680243                    
 BIC { S(~w.age) } = 72.679907                    
 Pearson Chisquare { S(~w.age) } = 118.21186                  


                        LOGIT Link Function Parameters of { S(~w.age) }
                                                              95% Confidence Interval
 Parameter                    Beta         Standard Error      Lower           Upper
 -------------------------  --------------  --------------  --------------  --------------
    1:S:(Intercept)         1.8562979       0.4808846       0.9137641       2.7988318     
    2:S:w.age               0.5232482       0.6706479       -0.7912216      1.8377181     

  Program  MARK  - Survival Rate Estimation with Capture-Recapture Data
   gfortran(Win64) Vers. 8.2 Sep 2017    7-Nov-2017 08:37:51    Page  003
 - - - - - - - - - - - - - - - - - - - - - - - - - - - - - - - - - - - - - -
 


                        Real Function Parameters of { S(~w.age) }

      Following estimates based on unstandardized individual covariate values:
          Variable   Value         
          ---------  ------------- 
          W.AGE      0.5531915     
                                                               95% Confidence Interval
  Parameter                  Estimate       Standard Error      Lower           Upper
 --------------------------  --------------  --------------  --------------  --------------
     1:S gF a1 t2            0.8952714       0.0315233       0.8155948       0.9429307                           


                     Estimates of Derived Parameters

                  Survival Estimates of { S(~w.age) }

       Pr. Surviving
        Duration of                   95% Confidence Interval
 Group     Study      Standard Error     Lower          Upper     
 ----- -------------- -------------- -------------- --------------
   1   0.1902482      0.1004820      0.0614096      0.4576062     
   2   0.1902482      0.1004820      0.0614096      0.4576062     

     CPU Time in seconds for last procedure was 0.00

  Program  MARK  - Survival Rate Estimation with Capture-Recapture Data
   gfortran(Win64) Vers. 8.2 Sep 2017    7-Nov-2017 08:37:51    Page  004
 - - - - - - - - - - - - - - - - - - - - - - - - - - - - - - - - - - - - - -
 


  INPUT --- proc stop;

     CPU Time in minutes for this job was 0.00

     Time Start = 08:37:51.070   Time End = 08:37:51.077

     Wall Clock Time in minutes for this job was 0.00


          E X E C U T I O N   S U C C E S S F U L 
