
   Program  MARK  - Survival Rate Estimation with Capture-Recapture Data
   gfortran(Win64) Vers. 8.2 Sep 2017    7-Nov-2017 08:40:28    Page  001
 - - - - - - - - - - - - - - - - - - - - - - - - - - - - - - - - - - - - - -
 
   This version was compiled by GCC version 5.3.0 using the options: 
     -cpp -iprefix c:\tdm-gcc-64\gcc\bin\../lib/gcc/x86_64-w64-mingw32/5.3.0/ -D_MT
     -U_REENTRANT -D IEEE -m64 -mtune=generic -march=x86-64 -mthreads -O2
     -fimplicit-none -fbounds-check -funroll-loops -ftree-vectorize
     -ffpe-summary=invalid,zero,overflow,underflow -fno-unsafe-math-optimizations
     -frounding-math -fsignaling-nans -fopenmp.

   This problem will use 3 of 4 possible threads.


  INPUT --- proc title ;

     CPU Time in seconds for last procedure was 0.00


  INPUT --- proc chmatrix occasions= 15 groups= 2 etype= Known ICMeans 
  INPUT --- NoHist hist= 17 ;

  INPUT ---    time  interval 1 1 1 1 1 1 1 1 1 1 1 1 1 1 1 ;

  INPUT ---    glabel(1)=sexF;

  INPUT ---    glabel(2)=sexM;

   * *  WARNING  * *   At least a pair of the encounter histories are duplicates. 

      Number of unique encounter histories read was 15.

      Number of individual covariates read was 0.
      Time interval lengths are all equal to 1.

      Data type number is 4
      Data type is Known Fate                                                                                          

     CPU Time in seconds for last procedure was 0.00

  Program  MARK  - Survival Rate Estimation with Capture-Recapture Data
   gfortran(Win64) Vers. 8.2 Sep 2017    7-Nov-2017 08:40:28    Page  002
 - - - - - - - - - - - - - - - - - - - - - - - - - - - - - - - - - - - - - -
 


  INPUT --- proc estimate link=Logit NOLOOP varest=2ndPart    ;


  INPUT --- model={ S(~age) };

  INPUT ---    group=1 S    rows=1 cols=15 Square ;
  INPUT ---        1 2 3 4 5 6 7 8 9 10 11 12 13 14 15 ;

  INPUT ---    group=2 S    rows=1 cols=15 Square ;
  INPUT ---        1 2 3 4 5 6 7 8 9 10 11 12 13 14 15 ;

  INPUT ---    design matrix constraints=15 covariates=15;
  INPUT ---        1 0 0 0 0 0 0 0 0 0 0 0 0 0 0;
  INPUT ---        1 1 0 0 0 0 0 0 0 0 0 0 0 0 0;
  INPUT ---        1 0 1 0 0 0 0 0 0 0 0 0 0 0 0;
  INPUT ---        1 0 0 1 0 0 0 0 0 0 0 0 0 0 0;
  INPUT ---        1 0 0 0 1 0 0 0 0 0 0 0 0 0 0;
  INPUT ---        1 0 0 0 0 1 0 0 0 0 0 0 0 0 0;
  INPUT ---        1 0 0 0 0 0 1 0 0 0 0 0 0 0 0;
  INPUT ---        1 0 0 0 0 0 0 1 0 0 0 0 0 0 0;
  INPUT ---        1 0 0 0 0 0 0 0 1 0 0 0 0 0 0;
  INPUT ---        1 0 0 0 0 0 0 0 0 1 0 0 0 0 0;
  INPUT ---        1 0 0 0 0 0 0 0 0 0 1 0 0 0 0;
  INPUT ---        1 0 0 0 0 0 0 0 0 0 0 1 0 0 0;
  INPUT ---        1 0 0 0 0 0 0 0 0 0 0 0 1 0 0;
  INPUT ---        1 0 0 0 0 0 0 0 0 0 0 0 0 1 0;
  INPUT ---        1 0 0 0 0 0 0 0 0 0 0 0 0 0 1;
  INPUT ---       blabel(1)=S:(Intercept);
  INPUT ---       blabel(2)=S:age2;
  INPUT ---       blabel(3)=S:age3;
  INPUT ---       blabel(4)=S:age4;
  INPUT ---       blabel(5)=S:age5;
  INPUT ---       blabel(6)=S:age6;
  INPUT ---       blabel(7)=S:age7;
  INPUT ---       blabel(8)=S:age8;
  INPUT ---       blabel(9)=S:age9;
  INPUT ---       blabel(10)=S:age10;
  INPUT ---       blabel(11)=S:age11;
  INPUT ---       blabel(12)=S:age12;
  INPUT ---       blabel(13)=S:age13;
  INPUT ---       blabel(14)=S:age14;
  INPUT ---       blabel(15)=S:age15;
  INPUT ---       rlabel(1)=S gF a1 t2;
  INPUT ---       rlabel(2)=S gF a2 t3;

  Program  MARK  - Survival Rate Estimation with Capture-Recapture Data
   gfortran(Win64) Vers. 8.2 Sep 2017    7-Nov-2017 08:40:28    Page  003
 - - - - - - - - - - - - - - - - - - - - - - - - - - - - - - - - - - - - - -
 
  INPUT ---       rlabel(3)=S gF a3 t4;
  INPUT ---       rlabel(4)=S gF a4 t5;
  INPUT ---       rlabel(5)=S gF a5 t6;
  INPUT ---       rlabel(6)=S gF a6 t7;
  INPUT ---       rlabel(7)=S gF a7 t8;
  INPUT ---       rlabel(8)=S gF a8 t9;
  INPUT ---       rlabel(9)=S gF a9 t10;
  INPUT ---       rlabel(10)=S gF a10 t11;
  INPUT ---       rlabel(11)=S gF a11 t12;
  INPUT ---       rlabel(12)=S gF a12 t13;
  INPUT ---       rlabel(13)=S gF a13 t14;
  INPUT ---       rlabel(14)=S gF a14 t15;
  INPUT ---       rlabel(15)=S gF a15 t16;

 Link Function Used is LOGIT        

 Variance Estimation Procedure Used is 2ndPart 
 -2logL(saturated) = 6.0283226     
 Effective Sample Size = 57

 Number of function evaluations was 33 for 15 parameters.
 Time for numerical optimization was 0.02 seconds.
 -2logL { S(~age) } = 6.2789778     
 Penalty { S(~age) } = -0.0000000    
 Gradient { S(~age) }:
  0.4197745E-07  0.000000      0.000000      0.000000      0.000000    
   0.000000      0.000000      0.000000      0.000000     0.1862105E-07
   0.000000      0.000000      0.000000      0.000000      0.000000    
 S Vector { S(~age) }:
   1.777778     0.4806834E-06 0.1872033E-06 0.2446773E-07 0.2446773E-07
  0.2446773E-07 0.2446773E-07 0.2446773E-07 0.2446773E-07 0.2446773E-07
  0.2446773E-07 0.4219145E-08 0.9399330E-09 0.5165764E-09 0.3330803E-09
 Time to compute number of parameters was 0.02 seconds.
   Threshold =  0.3200000E-06     Condition index =  0.1873576E-09     New Threshold =  0.1290015E-08
 New Guessimate of Estimated Parameters { S(~age) } = 12          
 Conditioned S Vector { S(~age) }:
   1.000000     0.2703843E-06 0.1053018E-06 0.1376309E-07 0.1376309E-07
  0.1376309E-07 0.1376309E-07 0.1376309E-07 0.1376309E-07 0.1376309E-07
  0.1376309E-07 0.2373268E-08 0.5287121E-09 0.2905741E-09 0.1873576E-09
 Number of Estimated Parameters { S(~age) } = 1          
 DEVIANCE { S(~age) } = 0.2506552                     
 DEVIANCE Degrees of Freedom { S(~age) } = 9            
 c-hat { S(~age) } = 0.0278506                     
 AIC { S(~age) } = 8.2789778                  
 AICc { S(~age) } = 8.3517050                    
 BIC { S(~age) } = 10.322029                    
 Pearson Chisquare { S(~age) } = 162.24730                  
 Possible Encounter Histories { S(~age) } = 20             
 Pearson Chisquare df { S(~age) } = 17        
 Pearson chat { S(~age) } = 9.5439587                  
 Sum(Observed/Expected) { S(~age) } = 3.6043696                  
 Fletcher chat { S(~age) } = 52.957715                  


                         LOGIT Link Function Parameters of { S(~age) }
                                                              95% Confidence Interval
 Parameter                    Beta         Standard Error      Lower           Upper
 -------------------------  --------------  --------------  --------------  --------------
    1:S:(Intercept)         20.158463       0.0000000       20.158463       20.158463     

  Program  MARK  - Survival Rate Estimation with Capture-Recapture Data
   gfortran(Win64) Vers. 8.2 Sep 2017    7-Nov-2017 08:40:28    Page  004
 - - - - - - - - - - - - - - - - - - - - - - - - - - - - - - - - - - - - - -
 
    2:S:age2                -0.1000000      0.0000000       -0.1000000      -0.1000000    
    3:S:age3                -0.1000000      0.0000000       -0.1000000      -0.1000000    
    4:S:age4                -0.1000000      0.0000000       -0.1000000      -0.1000000    
    5:S:age5                -0.1000000      0.0000000       -0.1000000      -0.1000000    
    6:S:age6                0.7232253       2310.4732       -4527.8044      4529.2508     
    7:S:age7                10.546438       0.0000000       10.546438       10.546438     
    8:S:age8                7.0875546       28.838268       -49.435451      63.610560     
    9:S:age9                11.085806       0.0175863       11.051336       11.120275     
   10:S:age10               -18.079022      0.0000000       -18.079022      -18.079022    
   11:S:age11               8.2944840       8.5094117       -8.3839633      24.972931     
   12:S:age12               -0.1000000      0.0000000       -0.1000000      -0.1000000    
   13:S:age13               -0.1000000      0.0000000       -0.1000000      -0.1000000    
   14:S:age14               -0.1000000      0.0000000       -0.1000000      -0.1000000    
   15:S:age15               -0.1000000      0.0000000       -0.1000000      -0.1000000    


                         Real Function Parameters of { S(~age) }
                                                               95% Confidence Interval
  Parameter                  Estimate       Standard Error      Lower           Upper
 --------------------------  --------------  --------------  --------------  --------------
     1:S gF a1 t2            1.0000000       0.0000000       1.0000000       1.0000000                           
     2:S gF a2 t3            1.0000000       0.0000000       1.0000000       1.0000000                           
     3:S gF a3 t4            1.0000000       0.0000000       1.0000000       1.0000000                           
     4:S gF a4 t5            1.0000000       0.0000000       1.0000000       1.0000000                           
     5:S gF a5 t6            1.0000000       0.0000000       1.0000000       1.0000000                           
     6:S gF a6 t7            1.0000000       0.1809645E-005  0.9999965       1.0000035                           
     7:S gF a7 t8            1.0000000       0.0000000       1.0000000       1.0000000                           
     8:S gF a8 t9            1.0000000       0.0000000       1.0000000       1.0000000                           
     9:S gF a9 t10           1.0000000       0.0000000       1.0000000       1.0000000                           
    10:S gF a10 t11          0.8888889       0.1047565       0.5001370       0.9846071                           
    11:S gF a11 t12          1.0000000       0.0000000       1.0000000       1.0000000                           
    12:S gF a12 t13          1.0000000       0.0000000       1.0000000       1.0000000                           
    13:S gF a13 t14          1.0000000       0.0000000       1.0000000       1.0000000                           
    14:S gF a14 t15          1.0000000       0.0000000       1.0000000       1.0000000                           
    15:S gF a15 t16          1.0000000       0.0000000       1.0000000       1.0000000                           


                     Estimates of Derived Parameters

                   Survival Estimates of { S(~age) }

       Pr. Surviving
        Duration of                   95% Confidence Interval
 Group     Study      Standard Error     Lower          Upper     
 ----- -------------- -------------- -------------- --------------
   1   0.8888889      0.1047572      0.5001340      0.9846073     
   2   0.8888889      0.1047572      0.5001340      0.9846073     

 Attempted ordering of parameters by estimatibility:
   1 10  6  4  5  3  2 12 13 14 15  8  9 11  7
 Beta number 7 is a singular value.

  Program  MARK  - Survival Rate Estimation with Capture-Recapture Data
   gfortran(Win64) Vers. 8.2 Sep 2017    7-Nov-2017 08:40:28    Page  005
 - - - - - - - - - - - - - - - - - - - - - - - - - - - - - - - - - - - - - -
 

     CPU Time in seconds for last procedure was 0.03


  INPUT --- proc stop;

     CPU Time in minutes for this job was 0.00

     Time Start = 08:40:28.066   Time End = 08:40:28.105

     Wall Clock Time in minutes for this job was 0.00


          E X E C U T I O N   S U C C E S S F U L 
