
   Program  MARK  - Survival Rate Estimation with Capture-Recapture Data
   gfortran(Win64) Vers. 8.2 Sep 2017    7-Nov-2017 08:37:50    Page  001
 - - - - - - - - - - - - - - - - - - - - - - - - - - - - - - - - - - - - - -
 
   This version was compiled by GCC version 5.3.0 using the options: 
     -cpp -iprefix c:\tdm-gcc-64\gcc\bin\../lib/gcc/x86_64-w64-mingw32/5.3.0/ -D_MT
     -U_REENTRANT -D IEEE -m64 -mtune=generic -march=x86-64 -mthreads -O2
     -fimplicit-none -fbounds-check -funroll-loops -ftree-vectorize
     -ffpe-summary=invalid,zero,overflow,underflow -fno-unsafe-math-optimizations
     -frounding-math -fsignaling-nans -fopenmp.

   This problem will use 3 of 4 possible threads.


  INPUT --- proc title ;

     CPU Time in seconds for last procedure was 0.00


  INPUT --- proc chmatrix occasions= 15 groups= 2 etype= Known icovar = 
  INPUT --- 1 ICMeans NoHist hist= 33  ;

  INPUT ---    time interval 1 1 1 1 1 1 1 1 1 1 1 1 1 1 1 ;

  INPUT ---     icovariates Tag ;

  INPUT ---    glabel(1)=sexF;

  INPUT ---    glabel(2)=sexM;

      Number of unique encounter histories read was 33.

      Number of individual covariates read was 1.
      Time interval lengths are all equal to 1.

      Data type number is 4
      Data type is Known Fate                                                                                          

     CPU Time in seconds for last procedure was 0.00

  Program  MARK  - Survival Rate Estimation with Capture-Recapture Data
   gfortran(Win64) Vers. 8.2 Sep 2017    7-Nov-2017 08:37:50    Page  002
 - - - - - - - - - - - - - - - - - - - - - - - - - - - - - - - - - - - - - -
 


  INPUT --- proc estimate link=Logit NOLOOP varest=2ndPart    ;


  INPUT --- model={ S(~Tag) };

  INPUT ---    group=1 S    rows=1 cols=15 Square ;
  INPUT ---        1 1 1 1 1 1 1 1 1 1 1 1 1 1 1 ;

  INPUT ---    group=2 S    rows=1 cols=15 Square ;
  INPUT ---        1 1 1 1 1 1 1 1 1 1 1 1 1 1 1 ;

  INPUT ---    design matrix constraints=1 covariates=2;
  INPUT ---        1 Tag;
  INPUT ---       blabel(1)=S:(Intercept);
  INPUT ---       blabel(2)=S:Tag;
  INPUT ---       rlabel(1)=S gF a1 t2;

 Link Function Used is LOGIT        

 Variance Estimation Procedure Used is 2ndPart 
 -2logL(saturated) = -0.0000000    
 Effective Sample Size = 96

   * *  WARNING  * *   Error number 0 from VA09AD optimization routine. 

 Number of function evaluations was 12 for 2 parameters.
 Time for numerical optimization was 0.01 seconds.
 -2logL { S(~Tag) } = 63.670098     
 Penalty { S(~Tag) } = -0.0000000    
 Gradient { S(~Tag) }:
   0.000000      0.000000    
 S Vector { S(~Tag) }:
   12.91514      1.458509    
 Time to compute number of parameters was 0.01 seconds.
   Threshold =  0.6000000E-07     Condition index =  0.1129302         New Threshold =   2.062643    
 New Guessimate of Estimated Parameters { S(~Tag) } = 1          
 Conditioned S Vector { S(~Tag) }:
   1.000000     0.1129302    
 Number of Estimated Parameters { S(~Tag) } = 2          
 DEVIANCE { S(~Tag) } = 63.670098                     
 DEVIANCE Degrees of Freedom { S(~Tag) } = 45            
 c-hat { S(~Tag) } = 1.4148911                     
 AIC { S(~Tag) } = 67.670098                  
 AICc { S(~Tag) } = 67.799130                    
 BIC { S(~Tag) } = 72.798794                    
 Pearson Chisquare { S(~Tag) } = 117.23122                  


                         LOGIT Link Function Parameters of { S(~Tag) }
                                                              95% Confidence Interval
 Parameter                    Beta         Standard Error      Lower           Upper
 -------------------------  --------------  --------------  --------------  --------------
    1:S:(Intercept)         1.8325815       0.5385165       0.7770892       2.8880739     
    2:S:Tag                 0.4865328       0.6877936       -0.8615427      1.8346084     

  Program  MARK  - Survival Rate Estimation with Capture-Recapture Data
   gfortran(Win64) Vers. 8.2 Sep 2017    7-Nov-2017 08:37:50    Page  003
 - - - - - - - - - - - - - - - - - - - - - - - - - - - - - - - - - - - - - -
 


                         Real Function Parameters of { S(~Tag) }

      Following estimates based on unstandardized individual covariate values:
          Variable   Value         
          ---------  ------------- 
          TAG        0.5957447     
                                                               95% Confidence Interval
  Parameter                  Estimate       Standard Error      Lower           Upper
 --------------------------  --------------  --------------  --------------  --------------
     1:S gF a1 t2            0.8930643       0.0320123       0.8123615       0.9415543                           


                     Estimates of Derived Parameters

                   Survival Estimates of { S(~Tag) }

       Pr. Surviving
        Duration of                   95% Confidence Interval
 Group     Study      Standard Error     Lower          Upper     
 ----- -------------- -------------- -------------- --------------
   1   0.1833331      0.0985748      0.0581752      0.4493018     
   2   0.1833331      0.0985748      0.0581752      0.4493018     

     CPU Time in seconds for last procedure was 0.02

  Program  MARK  - Survival Rate Estimation with Capture-Recapture Data
   gfortran(Win64) Vers. 8.2 Sep 2017    7-Nov-2017 08:37:50    Page  004
 - - - - - - - - - - - - - - - - - - - - - - - - - - - - - - - - - - - - - -
 


  INPUT --- proc stop;

     CPU Time in minutes for this job was 0.00

     Time Start = 08:37:50.815   Time End = 08:37:50.823

     Wall Clock Time in minutes for this job was 0.00


          E X E C U T I O N   S U C C E S S F U L 
