
   Program  MARK  - Survival Rate Estimation with Capture-Recapture Data
   gfortran(Win64) Vers. 8.2 Sep 2017    6-Nov-2017 20:35:33    Page  001
 - - - - - - - - - - - - - - - - - - - - - - - - - - - - - - - - - - - - - -
 
   This version was compiled by GCC version 5.3.0 using the options: 
     -cpp -iprefix c:\tdm-gcc-64\gcc\bin\../lib/gcc/x86_64-w64-mingw32/5.3.0/ -D_MT
     -U_REENTRANT -D IEEE -m64 -mtune=generic -march=x86-64 -mthreads -O2
     -fimplicit-none -fbounds-check -funroll-loops -ftree-vectorize
     -ffpe-summary=invalid,zero,overflow,underflow -fno-unsafe-math-optimizations
     -frounding-math -fsignaling-nans -fopenmp.

   This problem will use 3 of 4 possible threads.


  INPUT --- proc title ;

     CPU Time in seconds for last procedure was 0.00


  INPUT --- proc chmatrix occasions= 15 groups= 2 etype= Known ICMeans 
  INPUT --- NoHist hist= 74 ;

  INPUT ---    time  interval 1 1 1 1 1 1 1 1 1 1 1 1 1 1 1 ;

  INPUT ---    glabel(1)=sexF;

  INPUT ---    glabel(2)=sexM;

   * *  WARNING  * *   At least a pair of the encounter histories are duplicates. 

      Number of unique encounter histories read was 60.

      Number of individual covariates read was 0.
      Time interval lengths are all equal to 1.

      Data type number is 4
      Data type is Known Fate                                                                                          

     CPU Time in seconds for last procedure was 0.00

  Program  MARK  - Survival Rate Estimation with Capture-Recapture Data
   gfortran(Win64) Vers. 8.2 Sep 2017    6-Nov-2017 20:35:33    Page  002
 - - - - - - - - - - - - - - - - - - - - - - - - - - - - - - - - - - - - - -
 


  INPUT --- proc estimate link=Logit NOLOOP varest=2ndPart    ;


  INPUT --- model={ S(~age) };

  INPUT ---    group=1 S    rows=1 cols=15 Square ;
  INPUT ---        1 2 3 4 5 6 7 8 9 10 11 12 13 14 15 ;

  INPUT ---    group=2 S    rows=1 cols=15 Square ;
  INPUT ---        1 2 3 4 5 6 7 8 9 10 11 12 13 14 15 ;

  INPUT ---    design matrix constraints=15 covariates=15;
  INPUT ---        1 0 0 0 0 0 0 0 0 0 0 0 0 0 0;
  INPUT ---        1 1 0 0 0 0 0 0 0 0 0 0 0 0 0;
  INPUT ---        1 0 1 0 0 0 0 0 0 0 0 0 0 0 0;
  INPUT ---        1 0 0 1 0 0 0 0 0 0 0 0 0 0 0;
  INPUT ---        1 0 0 0 1 0 0 0 0 0 0 0 0 0 0;
  INPUT ---        1 0 0 0 0 1 0 0 0 0 0 0 0 0 0;
  INPUT ---        1 0 0 0 0 0 1 0 0 0 0 0 0 0 0;
  INPUT ---        1 0 0 0 0 0 0 1 0 0 0 0 0 0 0;
  INPUT ---        1 0 0 0 0 0 0 0 1 0 0 0 0 0 0;
  INPUT ---        1 0 0 0 0 0 0 0 0 1 0 0 0 0 0;
  INPUT ---        1 0 0 0 0 0 0 0 0 0 1 0 0 0 0;
  INPUT ---        1 0 0 0 0 0 0 0 0 0 0 1 0 0 0;
  INPUT ---        1 0 0 0 0 0 0 0 0 0 0 0 1 0 0;
  INPUT ---        1 0 0 0 0 0 0 0 0 0 0 0 0 1 0;
  INPUT ---        1 0 0 0 0 0 0 0 0 0 0 0 0 0 1;
  INPUT ---       blabel(1)=S:(Intercept);
  INPUT ---       blabel(2)=S:age2;
  INPUT ---       blabel(3)=S:age3;
  INPUT ---       blabel(4)=S:age4;
  INPUT ---       blabel(5)=S:age5;
  INPUT ---       blabel(6)=S:age6;
  INPUT ---       blabel(7)=S:age7;
  INPUT ---       blabel(8)=S:age8;
  INPUT ---       blabel(9)=S:age9;
  INPUT ---       blabel(10)=S:age10;
  INPUT ---       blabel(11)=S:age11;
  INPUT ---       blabel(12)=S:age12;
  INPUT ---       blabel(13)=S:age13;
  INPUT ---       blabel(14)=S:age14;
  INPUT ---       blabel(15)=S:age15;
  INPUT ---       rlabel(1)=S gF a1 t2;
  INPUT ---       rlabel(2)=S gF a2 t3;

  Program  MARK  - Survival Rate Estimation with Capture-Recapture Data
   gfortran(Win64) Vers. 8.2 Sep 2017    6-Nov-2017 20:35:33    Page  003
 - - - - - - - - - - - - - - - - - - - - - - - - - - - - - - - - - - - - - -
 
  INPUT ---       rlabel(3)=S gF a3 t4;
  INPUT ---       rlabel(4)=S gF a4 t5;
  INPUT ---       rlabel(5)=S gF a5 t6;
  INPUT ---       rlabel(6)=S gF a6 t7;
  INPUT ---       rlabel(7)=S gF a7 t8;
  INPUT ---       rlabel(8)=S gF a8 t9;
  INPUT ---       rlabel(9)=S gF a9 t10;
  INPUT ---       rlabel(10)=S gF a10 t11;
  INPUT ---       rlabel(11)=S gF a11 t12;
  INPUT ---       rlabel(12)=S gF a12 t13;
  INPUT ---       rlabel(13)=S gF a13 t14;
  INPUT ---       rlabel(14)=S gF a14 t15;
  INPUT ---       rlabel(15)=S gF a15 t16;

 Link Function Used is LOGIT        

 Variance Estimation Procedure Used is 2ndPart 
 -2logL(saturated) = 64.306168     
 Effective Sample Size = 278

 Number of function evaluations was 46 for 15 parameters.
 Time for numerical optimization was 0.05 seconds.
 -2logL { S(~age) } = 80.435152     
 Penalty { S(~age) } = -0.0000000    
 Gradient { S(~age) }:
  0.1555769E-06  0.000000      0.000000      0.000000      0.000000    
  0.3642408E-06  0.000000     0.8842345E-07  0.000000      0.000000    
   0.000000      0.000000    -0.1780139E-06  0.000000      0.000000    
 S Vector { S(~age) }:
   12.93603      2.766217      2.178011      1.788651      1.089883    
  0.7266763     0.1426618E-05 0.6277455E-07 0.3628932E-07 0.3405649E-07
  0.2386528E-07 0.2125780E-07 0.1774331E-07 0.7727113E-08 0.9382236E-09
 Time to compute number of parameters was 0.02 seconds.
   Threshold =  0.3200000E-06     Condition index =  0.7252796E-10     New Threshold =  0.3633724E-08
 New Guessimate of Estimated Parameters { S(~age) } = 8          
 Conditioned S Vector { S(~age) }:
   1.000000     0.2138383     0.1683679     0.1382690     0.8425179E-01
  0.5617461E-01 0.1102825E-06 0.4852692E-08 0.2805291E-08 0.2632686E-08
  0.1844870E-08 0.1643302E-08 0.1371620E-08 0.5973328E-09 0.7252796E-10
 Number of Estimated Parameters { S(~age) } = 6          
 DEVIANCE { S(~age) } = 16.128984                     
 DEVIANCE Degrees of Freedom { S(~age) } = 24            
 c-hat { S(~age) } = 0.6720410                     
 AIC { S(~age) } = 92.435152                  
 AICc { S(~age) } = 92.745115                    
 BIC { S(~age) } = 114.20088                    
 Pearson Chisquare { S(~age) } = 1016.9923                  
 Possible Encounter Histories { S(~age) } = 60             
 Pearson Chisquare df { S(~age) } = 52        
 Pearson chat { S(~age) } = 19.557545                  
 Sum(Observed/Expected) { S(~age) } = 27.887874                  
 Fletcher chat { S(~age) } = 42.077525                  


                         LOGIT Link Function Parameters of { S(~age) }
                                                              95% Confidence Interval
 Parameter                    Beta         Standard Error      Lower           Upper
 -------------------------  --------------  --------------  --------------  --------------
    1:S:(Intercept)         17.268589       0.0000000       17.268589       17.268589     

  Program  MARK  - Survival Rate Estimation with Capture-Recapture Data
   gfortran(Win64) Vers. 8.2 Sep 2017    6-Nov-2017 20:35:33    Page  004
 - - - - - - - - - - - - - - - - - - - - - - - - - - - - - - - - - - - - - -
 
    2:S:age2                7.8438756       5257.5412       -10296.937      10312.625     
    3:S:age3                -16.575442      0.0000000       -16.575442      -16.575442    
    4:S:age4                5.2689975       7254.8405       -14214.219      14224.757     
    5:S:age5                12.289826       1534.4088       -2995.1514      3019.7311     
    6:S:age6                -14.606001      0.0000000       -14.606001      -14.606001    
    7:S:age7                -15.189147      0.0000000       -15.189147      -15.189147    
    8:S:age8                -15.071364      0.0000000       -15.071364      -15.071364    
    9:S:age9                5.4496568       4141.3098       -8111.5177      8122.4170     
   10:S:age10               -13.901293      0.0000000       -13.901293      -13.901293    
   11:S:age11               9.1658640       939.29812       -1831.8585      1850.1902     
   12:S:age12               7.1371644       5459.5304       -10693.543      10707.817     
   13:S:age13               -14.966004      0.0000000       -14.966004      -14.966004    
   14:S:age14               6.3238373       6447.4364       -12630.652      12643.300     
   15:S:age15               8.5598726       6790.7659       -13301.342      13318.461     


                         Real Function Parameters of { S(~age) }
                                                               95% Confidence Interval
  Parameter                  Estimate       Standard Error      Lower           Upper
 --------------------------  --------------  --------------  --------------  --------------
     1:S gF a1 t2            1.0000000       0.0000000       1.0000000       1.0000000                           
     2:S gF a2 t3            1.0000000       0.6513162E-007  0.9999999       1.0000001                           
     3:S gF a3 t4            0.6666666       0.2721655       0.1535074       0.9566299                           
     4:S gF a4 t5            1.0000000       0.1180963E-005  0.9999977       1.0000023                           
     5:S gF a5 t6            1.0000000       0.2182644E-009  1.0000000       1.0000000                           
     6:S gF a6 t7            0.9347826       0.0364048       0.8164041       0.9788140                           
     7:S gF a7 t8            0.8888889       0.0740741       0.6478134       0.9720623                           
     8:S gF a8 t9            0.9000000       0.0670820       0.6761921       0.9748671                           
     9:S gF a9 t10           1.0000000       0.5617899E-006  0.9999989       1.0000011                           
    10:S gF a10 t11          0.9666667       0.0327731       0.7979917       0.9953248                           
    11:S gF a11 t12          1.0000000       0.2928954E-008  1.0000000       1.0000000                           
    12:S gF a12 t13          1.0000000       0.1371495E-006  0.9999997       1.0000003                           
    13:S gF a13 t14          0.9090909       0.0500438       0.7531988       0.9703853                           
    14:S gF a14 t15          1.0000000       0.3654765E-006  0.9999993       1.0000007                           
    15:S gF a15 t16          1.0000000       0.4114280E-007  0.9999999       1.0000001                           


                     Estimates of Derived Parameters

                   Survival Estimates of { S(~age) }

       Pr. Surviving
        Duration of                   95% Confidence Interval
 Group     Study      Standard Error     Lower          Upper     
 ----- -------------- -------------- -------------- --------------
   1   0.4381203      0.1883690      0.1482266      0.7774712     
   2   0.4381203      0.1883690      0.1482266      0.7774712     

 Attempted ordering of parameters by estimatibility:
   1  6 13  8  7  3 10  9  2 12 14 15  4  5 11
 Beta number 11 is a singular value.

  Program  MARK  - Survival Rate Estimation with Capture-Recapture Data
   gfortran(Win64) Vers. 8.2 Sep 2017    6-Nov-2017 20:35:33    Page  005
 - - - - - - - - - - - - - - - - - - - - - - - - - - - - - - - - - - - - - -
 

     CPU Time in seconds for last procedure was 0.06


  INPUT --- proc stop;

     CPU Time in minutes for this job was 0.00

     Time Start = 20:35:33.570   Time End = 20:35:33.645

     Wall Clock Time in minutes for this job was 0.00


          E X E C U T I O N   S U C C E S S F U L 
