
   Program  MARK  - Survival Rate Estimation with Capture-Recapture Data
   gfortran(Win64) Vers. 8.2 Sep 2017    7-Nov-2017 08:40:29    Page  001
 - - - - - - - - - - - - - - - - - - - - - - - - - - - - - - - - - - - - - -
 
   This version was compiled by GCC version 5.3.0 using the options: 
     -cpp -iprefix c:\tdm-gcc-64\gcc\bin\../lib/gcc/x86_64-w64-mingw32/5.3.0/ -D_MT
     -U_REENTRANT -D IEEE -m64 -mtune=generic -march=x86-64 -mthreads -O2
     -fimplicit-none -fbounds-check -funroll-loops -ftree-vectorize
     -ffpe-summary=invalid,zero,overflow,underflow -fno-unsafe-math-optimizations
     -frounding-math -fsignaling-nans -fopenmp.

   This problem will use 3 of 4 possible threads.


  INPUT --- proc title ;

     CPU Time in seconds for last procedure was 0.00


  INPUT --- proc chmatrix occasions= 15 groups= 2 etype= Known icovar = 
  INPUT --- 1 ICMeans NoHist hist= 20  ;

  INPUT ---    time interval 1 1 1 1 1 1 1 1 1 1 1 1 1 1 1 ;

  INPUT ---     icovariates Tag ;

  INPUT ---    glabel(1)=sexF;

  INPUT ---    glabel(2)=sexM;

      Number of unique encounter histories read was 20.

      Number of individual covariates read was 1.
      Time interval lengths are all equal to 1.

      Data type number is 4
      Data type is Known Fate                                                                                          

     CPU Time in seconds for last procedure was 0.00

  Program  MARK  - Survival Rate Estimation with Capture-Recapture Data
   gfortran(Win64) Vers. 8.2 Sep 2017    7-Nov-2017 08:40:29    Page  002
 - - - - - - - - - - - - - - - - - - - - - - - - - - - - - - - - - - - - - -
 


  INPUT --- proc estimate link=Logit NOLOOP varest=2ndPart    ;


  INPUT --- model={ S(~Tag) };

  INPUT ---    group=1 S    rows=1 cols=15 Square ;
  INPUT ---        1 1 1 1 1 1 1 1 1 1 1 1 1 1 1 ;

  INPUT ---    group=2 S    rows=1 cols=15 Square ;
  INPUT ---        1 1 1 1 1 1 1 1 1 1 1 1 1 1 1 ;

  INPUT ---    design matrix constraints=1 covariates=2;
  INPUT ---        1 Tag;
  INPUT ---       blabel(1)=S:(Intercept);
  INPUT ---       blabel(2)=S:Tag;
  INPUT ---       rlabel(1)=S gF a1 t2;

 Link Function Used is LOGIT        

 Variance Estimation Procedure Used is 2ndPart 
 -2logL(saturated) = -0.0000000    
 Effective Sample Size = 57

 Number of function evaluations was 37 for 2 parameters.
 Time for numerical optimization was 0.01 seconds.
 -2logL { S(~Tag) } = 9.1945620     
 Penalty { S(~Tag) } = -0.0000000    
 Gradient { S(~Tag) }:
  0.1321554E-04  0.000000    
 S Vector { S(~Tag) }:
  0.9729674     0.7574588E-08
 Time to compute number of parameters was 0.01 seconds.
   Threshold =  0.6000000E-07     Condition index =  0.7785038E-08     New Threshold =  0.1071209E-07
 New Guessimate of Estimated Parameters { S(~Tag) } = 1          
 Conditioned S Vector { S(~Tag) }:
   1.000000     0.7785038E-08
 Number of Estimated Parameters { S(~Tag) } = 1          
 DEVIANCE { S(~Tag) } = 9.1945620                     
 DEVIANCE Degrees of Freedom { S(~Tag) } = 26            
 c-hat { S(~Tag) } = 0.3536370                     
 AIC { S(~Tag) } = 11.194562                  
 AICc { S(~Tag) } = 11.267289                    
 BIC { S(~Tag) } = 13.237613                    
 Pearson Chisquare { S(~Tag) } = 55.501848                  


                         LOGIT Link Function Parameters of { S(~Tag) }
                                                              95% Confidence Interval
 Parameter                    Beta         Standard Error      Lower           Upper
 -------------------------  --------------  --------------  --------------  --------------
    1:S:(Intercept)         3.5835251       1.0137967       1.5964836       5.5705666     
    2:S:Tag                 18.244187       0.8131213E-008  18.244187       18.244187     

  Program  MARK  - Survival Rate Estimation with Capture-Recapture Data
   gfortran(Win64) Vers. 8.2 Sep 2017    7-Nov-2017 08:40:29    Page  003
 - - - - - - - - - - - - - - - - - - - - - - - - - - - - - - - - - - - - - -
 


                         Real Function Parameters of { S(~Tag) }

      Following estimates based on unstandardized individual covariate values:
          Variable   Value         
          ---------  ------------- 
          TAG        0.4444444     
                                                               95% Confidence Interval
  Parameter                  Estimate       Standard Error      Lower           Upper
 --------------------------  --------------  --------------  --------------  --------------
     1:S gF a1 t2            0.9999916       0.8475194E-005  0.9999390       0.9999989                           


                     Estimates of Derived Parameters

                   Survival Estimates of { S(~Tag) }

       Pr. Surviving
        Duration of                   95% Confidence Interval
 Group     Study      Standard Error     Lower          Upper     
 ----- -------------- -------------- -------------- --------------
   1   0.9998746      0.1271131E-003 0.9990860      0.9999828     
   2   0.9998746      0.1271131E-003 0.9990860      0.9999828     

 Attempted ordering of parameters by estimatibility:
  1 2
 Beta number 2 is a singular value.

     CPU Time in seconds for last procedure was 0.00

  Program  MARK  - Survival Rate Estimation with Capture-Recapture Data
   gfortran(Win64) Vers. 8.2 Sep 2017    7-Nov-2017 08:40:29    Page  004
 - - - - - - - - - - - - - - - - - - - - - - - - - - - - - - - - - - - - - -
 


  INPUT --- proc stop;

     CPU Time in minutes for this job was 0.00

     Time Start = 08:40:29.186   Time End = 08:40:29.196

     Wall Clock Time in minutes for this job was 0.00


          E X E C U T I O N   S U C C E S S F U L 
