
   Program  MARK  - Survival Rate Estimation with Capture-Recapture Data
   gfortran(Win64) Vers. 8.2 Sep 2017    7-Nov-2017 08:39:54    Page  001
 - - - - - - - - - - - - - - - - - - - - - - - - - - - - - - - - - - - - - -
 
   This version was compiled by GCC version 5.3.0 using the options: 
     -cpp -iprefix c:\tdm-gcc-64\gcc\bin\../lib/gcc/x86_64-w64-mingw32/5.3.0/ -D_MT
     -U_REENTRANT -D IEEE -m64 -mtune=generic -march=x86-64 -mthreads -O2
     -fimplicit-none -fbounds-check -funroll-loops -ftree-vectorize
     -ffpe-summary=invalid,zero,overflow,underflow -fno-unsafe-math-optimizations
     -frounding-math -fsignaling-nans -fopenmp.

   This problem will use 3 of 4 possible threads.


  INPUT --- proc title ;

     CPU Time in seconds for last procedure was 0.00


  INPUT --- proc chmatrix occasions= 15 groups= 2 etype= Known icovar = 
  INPUT --- 1 ICMeans NoHist hist= 27  ;

  INPUT ---    time interval 1 1 1 1 1 1 1 1 1 1 1 1 1 1 1 ;

  INPUT ---     icovariates weight ;

  INPUT ---    glabel(1)=sexF;

  INPUT ---    glabel(2)=sexM;

      Number of unique encounter histories read was 27.

      Number of individual covariates read was 1.
      Time interval lengths are all equal to 1.

      Data type number is 4
      Data type is Known Fate                                                                                          

     CPU Time in seconds for last procedure was 0.02

  Program  MARK  - Survival Rate Estimation with Capture-Recapture Data
   gfortran(Win64) Vers. 8.2 Sep 2017    7-Nov-2017 08:39:54    Page  002
 - - - - - - - - - - - - - - - - - - - - - - - - - - - - - - - - - - - - - -
 


  INPUT --- proc estimate link=Logit NOLOOP varest=2ndPart    ;


  INPUT --- model={ S(~sex + weight) };

  INPUT ---    group=1 S    rows=1 cols=15 Square ;
  INPUT ---        1 1 1 1 1 1 1 1 1 1 1 1 1 1 1 ;

  INPUT ---    group=2 S    rows=1 cols=15 Square ;
  INPUT ---        2 2 2 2 2 2 2 2 2 2 2 2 2 2 2 ;

  INPUT ---    design matrix constraints=2 covariates=3;
  INPUT ---        1 0 weight;
  INPUT ---        1 1 weight;
  INPUT ---       blabel(1)=S:(Intercept);
  INPUT ---       blabel(2)=S:sexM;
  INPUT ---       blabel(3)=S:weight;
  INPUT ---       rlabel(1)=S gF a1 t2;
  INPUT ---       rlabel(2)=S gM a1 t2;

 Link Function Used is LOGIT        

 Variance Estimation Procedure Used is 2ndPart 
 -2logL(saturated) = -0.0000000    
 Effective Sample Size = 65

 Number of function evaluations was 32 for 3 parameters.
 Time for numerical optimization was 0.01 seconds.
 -2logL { S(~sex + weight) } = 0.2933013E-008
 Penalty { S(~sex + weight) } = -0.0000000    
 Gradient { S(~sex + weight) }:
  0.2148013E-17 0.1294347E-16 0.3352184E-17
 S Vector { S(~sex + weight) }:
  0.5582026E-07 0.1827203E-08 0.6352344E-09
 Time to compute number of parameters was 0.01 seconds.
   Threshold =  0.8000000E-07     Condition index =  0.1138000E-01     New Threshold =  0.1100258E-08
 New Guessimate of Estimated Parameters { S(~sex + weight) } = 3          
 Conditioned S Vector { S(~sex + weight) }:
   1.000000     0.3273369E-01 0.1138000E-01
 Number of Estimated Parameters { S(~sex + weight) } = 3          
 DEVIANCE { S(~sex + weight) } = 0.2933013E-008                
 DEVIANCE Degrees of Freedom { S(~sex + weight) } = 25            
 c-hat { S(~sex + weight) } = 0.1173205E-009                
 AIC { S(~sex + weight) } = 6.0000000                  
 AICc { S(~sex + weight) } = 6.3934426                    
 BIC { S(~sex + weight) } = 12.523162                    
 Pearson Chisquare { S(~sex + weight) } = 27.000000                  


                     LOGIT Link Function Parameters of { S(~sex + weight) }
                                                              95% Confidence Interval
 Parameter                    Beta         Standard Error      Lower           Upper
 -------------------------  --------------  --------------  --------------  --------------
    1:S:(Intercept)         18.254554       0.0000000       18.254554       18.254554     
    2:S:sexM                -2.1953582      0.0000000       -2.1953582      -2.1953582    

  Program  MARK  - Survival Rate Estimation with Capture-Recapture Data
   gfortran(Win64) Vers. 8.2 Sep 2017    7-Nov-2017 08:39:54    Page  003
 - - - - - - - - - - - - - - - - - - - - - - - - - - - - - - - - - - - - - -
 
    3:S:weight              0.0529810       0.0000000       0.0529810       0.0529810     


                     Real Function Parameters of { S(~sex + weight) }

      Following estimates based on unstandardized individual covariate values:
          Variable   Value         
          ---------  ------------- 
          WEIGHT     164.07143     
                                                               95% Confidence Interval
  Parameter                  Estimate       Standard Error      Lower           Upper
 --------------------------  --------------  --------------  --------------  --------------
     1:S gF a1 t2            1.0000000       0.0000000       1.0000000       1.0000000                           
     2:S gM a1 t2            1.0000000       0.0000000       1.0000000       1.0000000                           


                     Estimates of Derived Parameters

               Survival Estimates of { S(~sex + weight) }

       Pr. Surviving
        Duration of                   95% Confidence Interval
 Group     Study      Standard Error     Lower          Upper     
 ----- -------------- -------------- -------------- --------------
   1   1.0000000      0.0000000      1.0000000      1.0000000     
   2   1.0000000      0.0000000      1.0000000      1.0000000     

     CPU Time in seconds for last procedure was 0.00

  Program  MARK  - Survival Rate Estimation with Capture-Recapture Data
   gfortran(Win64) Vers. 8.2 Sep 2017    7-Nov-2017 08:39:54    Page  004
 - - - - - - - - - - - - - - - - - - - - - - - - - - - - - - - - - - - - - -
 


  INPUT --- proc stop;

     CPU Time in minutes for this job was 0.00

     Time Start = 08:39:54.867   Time End = 08:39:54.877

     Wall Clock Time in minutes for this job was 0.00


          E X E C U T I O N   S U C C E S S F U L 
