
   Program  MARK  - Survival Rate Estimation with Capture-Recapture Data
   gfortran(Win64) Vers. 8.2 Sep 2017    7-Nov-2017 08:40:28    Page  001
 - - - - - - - - - - - - - - - - - - - - - - - - - - - - - - - - - - - - - -
 
   This version was compiled by GCC version 5.3.0 using the options: 
     -cpp -iprefix c:\tdm-gcc-64\gcc\bin\../lib/gcc/x86_64-w64-mingw32/5.3.0/ -D_MT
     -U_REENTRANT -D IEEE -m64 -mtune=generic -march=x86-64 -mthreads -O2
     -fimplicit-none -fbounds-check -funroll-loops -ftree-vectorize
     -ffpe-summary=invalid,zero,overflow,underflow -fno-unsafe-math-optimizations
     -frounding-math -fsignaling-nans -fopenmp.

   This problem will use 3 of 4 possible threads.


  INPUT --- proc title ;

     CPU Time in seconds for last procedure was 0.00


  INPUT --- proc chmatrix occasions= 15 groups= 2 etype= Known icovar = 
  INPUT --- 1 ICMeans NoHist hist= 27  ;

  INPUT ---    time interval 1 1 1 1 1 1 1 1 1 1 1 1 1 1 1 ;

  INPUT ---     icovariates weight ;

  INPUT ---    glabel(1)=sexF;

  INPUT ---    glabel(2)=sexM;

      Number of unique encounter histories read was 27.

      Number of individual covariates read was 1.
      Time interval lengths are all equal to 1.

      Data type number is 4
      Data type is Known Fate                                                                                          

     CPU Time in seconds for last procedure was 0.00

  Program  MARK  - Survival Rate Estimation with Capture-Recapture Data
   gfortran(Win64) Vers. 8.2 Sep 2017    7-Nov-2017 08:40:28    Page  002
 - - - - - - - - - - - - - - - - - - - - - - - - - - - - - - - - - - - - - -
 


  INPUT --- proc estimate link=Logit NOLOOP varest=2ndPart    ;


  INPUT --- model={ S(~sex + weight) };

  INPUT ---    group=1 S    rows=1 cols=15 Square ;
  INPUT ---        1 1 1 1 1 1 1 1 1 1 1 1 1 1 1 ;

  INPUT ---    group=2 S    rows=1 cols=15 Square ;
  INPUT ---        2 2 2 2 2 2 2 2 2 2 2 2 2 2 2 ;

  INPUT ---    design matrix constraints=2 covariates=3;
  INPUT ---        1 0 weight;
  INPUT ---        1 1 weight;
  INPUT ---       blabel(1)=S:(Intercept);
  INPUT ---       blabel(2)=S:sexM;
  INPUT ---       blabel(3)=S:weight;
  INPUT ---       rlabel(1)=S gF a1 t2;
  INPUT ---       rlabel(2)=S gM a1 t2;

 Link Function Used is LOGIT        

 Variance Estimation Procedure Used is 2ndPart 
 -2logL(saturated) = -0.0000000    
 Effective Sample Size = 57

 Number of function evaluations was 50 for 3 parameters.
 Time for numerical optimization was 0.02 seconds.
 -2logL { S(~sex + weight) } = 9.6473450     
 Penalty { S(~sex + weight) } = -0.0000000    
 Gradient { S(~sex + weight) }:
  0.2061079E-06 0.2054296E-06 0.2794305E-06
 S Vector { S(~sex + weight) }:
   2.471118     0.2267068E-02 0.1531799E-05
 Time to compute number of parameters was 0.01 seconds.
   Threshold =  0.8000000E-07     Condition index =  0.6198812E-06     New Threshold =  0.2653155E-05
 New Guessimate of Estimated Parameters { S(~sex + weight) } = 2          
   Ratio Threshold =   500.0000       Max Gap =   1480.003      Next Max Gap =  0.9174261E-03
 Conditioned S Vector { S(~sex + weight) }:
   1.000000     0.9174261E-03 0.6198812E-06
 Number of Estimated Parameters { S(~sex + weight) } = 2          
 DEVIANCE { S(~sex + weight) } = 9.6473450                     
 DEVIANCE Degrees of Freedom { S(~sex + weight) } = 25            
 c-hat { S(~sex + weight) } = 0.3858938                     
 AIC { S(~sex + weight) } = 13.647345                  
 AICc { S(~sex + weight) } = 13.869567                    
 BIC { S(~sex + weight) } = 17.733448                    
 Pearson Chisquare { S(~sex + weight) } = 72.322680                  


                     LOGIT Link Function Parameters of { S(~sex + weight) }
                                                              95% Confidence Interval
 Parameter                    Beta         Standard Error      Lower           Upper
 -------------------------  --------------  --------------  --------------  --------------
    1:S:(Intercept)         22.251269       0.0000000       22.251269       22.251269     
    2:S:sexM                -22.328108      0.0000000       -22.328108      -22.328108    

  Program  MARK  - Survival Rate Estimation with Capture-Recapture Data
   gfortran(Win64) Vers. 8.2 Sep 2017    7-Nov-2017 08:40:28    Page  003
 - - - - - - - - - - - - - - - - - - - - - - - - - - - - - - - - - - - - - -
 
    3:S:weight              0.0257551       0.0898069       -0.1502664      0.2017766     


                     Real Function Parameters of { S(~sex + weight) }

      Following estimates based on unstandardized individual covariate values:
          Variable   Value         
          ---------  ------------- 
          WEIGHT     160.59259     
                                                               95% Confidence Interval
  Parameter                  Estimate       Standard Error      Lower           Upper
 --------------------------  --------------  --------------  --------------  --------------
     1:S gF a1 t2            1.0000000       0.0000000       1.0000000       1.0000000                           
     2:S gM a1 t2            0.9830308       0.0220781       0.8123160       0.9987120                           


                     Estimates of Derived Parameters

               Survival Estimates of { S(~sex + weight) }

       Pr. Surviving
        Duration of                   95% Confidence Interval
 Group     Study      Standard Error     Lower          Upper     
 ----- -------------- -------------- -------------- --------------
   1   1.0000000      0.0000000      1.0000000      1.0000000     
   2   0.7735823      0.2606019      0.1560989      0.9844013     

 Attempted ordering of parameters by estimatibility:
  2 3 1
 Beta number 1 is a singular value.

     CPU Time in seconds for last procedure was 0.02

  Program  MARK  - Survival Rate Estimation with Capture-Recapture Data
   gfortran(Win64) Vers. 8.2 Sep 2017    7-Nov-2017 08:40:28    Page  004
 - - - - - - - - - - - - - - - - - - - - - - - - - - - - - - - - - - - - - -
 


  INPUT --- proc stop;

     CPU Time in minutes for this job was 0.00

     Time Start = 08:40:28.895   Time End = 08:40:28.913

     Wall Clock Time in minutes for this job was 0.00


          E X E C U T I O N   S U C C E S S F U L 
