
   Program  MARK  - Survival Rate Estimation with Capture-Recapture Data
   gfortran(Win64) Vers. 8.2 Sep 2017    7-Nov-2017 08:40:29    Page  001
 - - - - - - - - - - - - - - - - - - - - - - - - - - - - - - - - - - - - - -
 
   This version was compiled by GCC version 5.3.0 using the options: 
     -cpp -iprefix c:\tdm-gcc-64\gcc\bin\../lib/gcc/x86_64-w64-mingw32/5.3.0/ -D_MT
     -U_REENTRANT -D IEEE -m64 -mtune=generic -march=x86-64 -mthreads -O2
     -fimplicit-none -fbounds-check -funroll-loops -ftree-vectorize
     -ffpe-summary=invalid,zero,overflow,underflow -fno-unsafe-math-optimizations
     -frounding-math -fsignaling-nans -fopenmp.

   This problem will use 3 of 4 possible threads.


  INPUT --- proc title ;

     CPU Time in seconds for last procedure was 0.00


  INPUT --- proc chmatrix occasions= 15 groups= 2 etype= Known icovar = 
  INPUT --- 1 ICMeans NoHist hist= 20  ;

  INPUT ---    time interval 1 1 1 1 1 1 1 1 1 1 1 1 1 1 1 ;

  INPUT ---     icovariates w.age ;

  INPUT ---    glabel(1)=sexF;

  INPUT ---    glabel(2)=sexM;

      Number of unique encounter histories read was 20.

      Number of individual covariates read was 1.
      Time interval lengths are all equal to 1.

      Data type number is 4
      Data type is Known Fate                                                                                          

     CPU Time in seconds for last procedure was 0.00

  Program  MARK  - Survival Rate Estimation with Capture-Recapture Data
   gfortran(Win64) Vers. 8.2 Sep 2017    7-Nov-2017 08:40:29    Page  002
 - - - - - - - - - - - - - - - - - - - - - - - - - - - - - - - - - - - - - -
 


  INPUT --- proc estimate link=Logit NOLOOP varest=2ndPart    ;


  INPUT --- model={ S(~w.age) };

  INPUT ---    group=1 S    rows=1 cols=15 Square ;
  INPUT ---        1 1 1 1 1 1 1 1 1 1 1 1 1 1 1 ;

  INPUT ---    group=2 S    rows=1 cols=15 Square ;
  INPUT ---        1 1 1 1 1 1 1 1 1 1 1 1 1 1 1 ;

  INPUT ---    design matrix constraints=1 covariates=2;
  INPUT ---        1 w.age;
  INPUT ---       blabel(1)=S:(Intercept);
  INPUT ---       blabel(2)=S:w.age;
  INPUT ---       rlabel(1)=S gF a1 t2;

 Link Function Used is LOGIT        

 Variance Estimation Procedure Used is 2ndPart 
 -2logL(saturated) = -0.0000000    
 Effective Sample Size = 57

   * *  WARNING  * *   Error number 0 from VA09AD optimization routine. 

 Number of function evaluations was 36 for 2 parameters.
 Time for numerical optimization was 0.01 seconds.
 -2logL { S(~w.age) } = 9.5909363     
 Penalty { S(~w.age) } = -0.0000000    
 Gradient { S(~w.age) }:
   0.000000      0.000000    
 S Vector { S(~w.age) }:
  0.9777778     0.1833861E-08
 Time to compute number of parameters was 0.01 seconds.
   Threshold =  0.6000000E-07     Condition index =  0.1875540E-08     New Threshold =  0.2593471E-08
 New Guessimate of Estimated Parameters { S(~w.age) } = 1          
 Conditioned S Vector { S(~w.age) }:
   1.000000     0.1875540E-08
 Number of Estimated Parameters { S(~w.age) } = 1          
 DEVIANCE { S(~w.age) } = 9.5909363                     
 DEVIANCE Degrees of Freedom { S(~w.age) } = 26            
 c-hat { S(~w.age) } = 0.3688822                     
 AIC { S(~w.age) } = 11.590936                  
 AICc { S(~w.age) } = 11.663664                    
 BIC { S(~w.age) } = 13.633988                    
 Pearson Chisquare { S(~w.age) } = 63.452621                  


                        LOGIT Link Function Parameters of { S(~w.age) }
                                                              95% Confidence Interval
 Parameter                    Beta         Standard Error      Lower           Upper
 -------------------------  --------------  --------------  --------------  --------------
    1:S:(Intercept)         3.7841896       1.0112998       1.8020420       5.7663372     
    2:S:w.age               20.070392       0.4556474E-009  20.070392       20.070392     

  Program  MARK  - Survival Rate Estimation with Capture-Recapture Data
   gfortran(Win64) Vers. 8.2 Sep 2017    7-Nov-2017 08:40:29    Page  003
 - - - - - - - - - - - - - - - - - - - - - - - - - - - - - - - - - - - - - -
 


                        Real Function Parameters of { S(~w.age) }

      Following estimates based on unstandardized individual covariate values:
          Variable   Value         
          ---------  ------------- 
          W.AGE      0.2592593     
                                                               95% Confidence Interval
  Parameter                  Estimate       Standard Error      Lower           Upper
 --------------------------  --------------  --------------  --------------  --------------
     1:S gF a1 t2            0.9998751       0.1263268E-003  0.9990939       0.9999828                           


                     Estimates of Derived Parameters

                  Survival Estimates of { S(~w.age) }

       Pr. Surviving
        Duration of                   95% Confidence Interval
 Group     Study      Standard Error     Lower          Upper     
 ----- -------------- -------------- -------------- --------------
   1   0.9981277      0.0018916      0.9865444      0.9997421     
   2   0.9981277      0.0018916      0.9865444      0.9997421     

 Attempted ordering of parameters by estimatibility:
  1 2
 Beta number 2 is a singular value.

     CPU Time in seconds for last procedure was 0.00

  Program  MARK  - Survival Rate Estimation with Capture-Recapture Data
   gfortran(Win64) Vers. 8.2 Sep 2017    7-Nov-2017 08:40:29    Page  004
 - - - - - - - - - - - - - - - - - - - - - - - - - - - - - - - - - - - - - -
 


  INPUT --- proc stop;

     CPU Time in minutes for this job was 0.00

     Time Start = 08:40:29.495   Time End = 08:40:29.504

     Wall Clock Time in minutes for this job was 0.00


          E X E C U T I O N   S U C C E S S F U L 
