
   Program  MARK  - Survival Rate Estimation with Capture-Recapture Data
   gfortran(Win64) Vers. 8.2 Sep 2017    7-Nov-2017 08:37:51    Page  001
 - - - - - - - - - - - - - - - - - - - - - - - - - - - - - - - - - - - - - -
 
   This version was compiled by GCC version 5.3.0 using the options: 
     -cpp -iprefix c:\tdm-gcc-64\gcc\bin\../lib/gcc/x86_64-w64-mingw32/5.3.0/ -D_MT
     -U_REENTRANT -D IEEE -m64 -mtune=generic -march=x86-64 -mthreads -O2
     -fimplicit-none -fbounds-check -funroll-loops -ftree-vectorize
     -ffpe-summary=invalid,zero,overflow,underflow -fno-unsafe-math-optimizations
     -frounding-math -fsignaling-nans -fopenmp.

   This problem will use 3 of 4 possible threads.


  INPUT --- proc title ;

     CPU Time in seconds for last procedure was 0.00


  INPUT --- proc chmatrix occasions= 15 groups= 2 etype= Known icovar = 
  INPUT --- 1 ICMeans NoHist hist= 46  ;

  INPUT ---    time interval 1 1 1 1 1 1 1 1 1 1 1 1 1 1 1 ;

  INPUT ---     icovariates weight ;

  INPUT ---    glabel(1)=sexF;

  INPUT ---    glabel(2)=sexM;

      Number of unique encounter histories read was 46.

      Number of individual covariates read was 1.
      Time interval lengths are all equal to 1.

      Data type number is 4
      Data type is Known Fate                                                                                          

     CPU Time in seconds for last procedure was 0.00

  Program  MARK  - Survival Rate Estimation with Capture-Recapture Data
   gfortran(Win64) Vers. 8.2 Sep 2017    7-Nov-2017 08:37:51    Page  002
 - - - - - - - - - - - - - - - - - - - - - - - - - - - - - - - - - - - - - -
 


  INPUT --- proc estimate link=Logit NOLOOP varest=2ndPart    ;


  INPUT --- model={ S(~weight) };

  INPUT ---    group=1 S    rows=1 cols=15 Square ;
  INPUT ---        1 1 1 1 1 1 1 1 1 1 1 1 1 1 1 ;

  INPUT ---    group=2 S    rows=1 cols=15 Square ;
  INPUT ---        1 1 1 1 1 1 1 1 1 1 1 1 1 1 1 ;

  INPUT ---    design matrix constraints=1 covariates=2;
  INPUT ---        1 weight;
  INPUT ---       blabel(1)=S:(Intercept);
  INPUT ---       blabel(2)=S:weight;
  INPUT ---       rlabel(1)=S gF a1 t2;

 Link Function Used is LOGIT        

 Variance Estimation Procedure Used is 2ndPart 
 -2logL(saturated) = -0.0000000    
 Effective Sample Size = 96

 Number of function evaluations was 15 for 2 parameters.
 Time for numerical optimization was 0.01 seconds.
 -2logL { S(~weight) } = 60.342541     
 Penalty { S(~weight) } = -0.0000000    
 Gradient { S(~weight) }:
 -0.7481076E-07-0.8211422E-07
 S Vector { S(~weight) }:
   14.86349     0.3232703E-01
 Time to compute number of parameters was 0.01 seconds.
   Threshold =  0.6000000E-07     Condition index =  0.2174928E-02     New Threshold =  0.4571732E-01
 New Guessimate of Estimated Parameters { S(~weight) } = 1          
 Conditioned S Vector { S(~weight) }:
   1.000000     0.2174928E-02
 Number of Estimated Parameters { S(~weight) } = 2          
 DEVIANCE { S(~weight) } = 60.342541                     
 DEVIANCE Degrees of Freedom { S(~weight) } = 45            
 c-hat { S(~weight) } = 1.3409453                     
 AIC { S(~weight) } = 64.342541                  
 AICc { S(~weight) } = 64.471573                    
 BIC { S(~weight) } = 69.471237                    
 Pearson Chisquare { S(~weight) } = 120.12024                  


                        LOGIT Link Function Parameters of { S(~weight) }
                                                              95% Confidence Interval
 Parameter                    Beta         Standard Error      Lower           Upper
 -------------------------  --------------  --------------  --------------  --------------
    1:S:(Intercept)         8.4978687       3.6192550       1.4041288       15.591609     
    2:S:weight              -0.0364433      0.0201481       -0.0759335      0.0030469     

  Program  MARK  - Survival Rate Estimation with Capture-Recapture Data
   gfortran(Win64) Vers. 8.2 Sep 2017    7-Nov-2017 08:37:51    Page  003
 - - - - - - - - - - - - - - - - - - - - - - - - - - - - - - - - - - - - - -
 


                        Real Function Parameters of { S(~weight) }

      Following estimates based on unstandardized individual covariate values:
          Variable   Value         
          ---------  ------------- 
          WEIGHT     173.97872     
                                                               95% Confidence Interval
  Parameter                  Estimate       Standard Error      Lower           Upper
 --------------------------  --------------  --------------  --------------  --------------
     1:S gF a1 t2            0.8963678       0.0329506       0.8118777       0.9454605                           


                     Estimates of Derived Parameters

                  Survival Estimates of { S(~weight) }

       Pr. Surviving
        Duration of                   95% Confidence Interval
 Group     Study      Standard Error     Lower          Upper     
 ----- -------------- -------------- -------------- --------------
   1   0.1937731      0.1068458      0.0591802      0.4787155     
   2   0.1937731      0.1068458      0.0591802      0.4787155     

     CPU Time in seconds for last procedure was 0.00

  Program  MARK  - Survival Rate Estimation with Capture-Recapture Data
   gfortran(Win64) Vers. 8.2 Sep 2017    7-Nov-2017 08:37:51    Page  004
 - - - - - - - - - - - - - - - - - - - - - - - - - - - - - - - - - - - - - -
 


  INPUT --- proc stop;

     CPU Time in minutes for this job was 0.00

     Time Start = 08:37:51.356   Time End = 08:37:51.365

     Wall Clock Time in minutes for this job was 0.00


          E X E C U T I O N   S U C C E S S F U L 
