
   Program  MARK  - Survival Rate Estimation with Capture-Recapture Data
   gfortran(Win64) Vers. 8.2 Sep 2017    7-Nov-2017 08:39:54    Page  001
 - - - - - - - - - - - - - - - - - - - - - - - - - - - - - - - - - - - - - -
 
   This version was compiled by GCC version 5.3.0 using the options: 
     -cpp -iprefix c:\tdm-gcc-64\gcc\bin\../lib/gcc/x86_64-w64-mingw32/5.3.0/ -D_MT
     -U_REENTRANT -D IEEE -m64 -mtune=generic -march=x86-64 -mthreads -O2
     -fimplicit-none -fbounds-check -funroll-loops -ftree-vectorize
     -ffpe-summary=invalid,zero,overflow,underflow -fno-unsafe-math-optimizations
     -frounding-math -fsignaling-nans -fopenmp.

   This problem will use 3 of 4 possible threads.


  INPUT --- proc title ;

     CPU Time in seconds for last procedure was 0.00


  INPUT --- proc chmatrix occasions= 15 groups= 2 etype= Known ICMeans 
  INPUT --- NoHist hist= 17 ;

  INPUT ---    time  interval 1 1 1 1 1 1 1 1 1 1 1 1 1 1 1 ;

  INPUT ---    glabel(1)=sexF;

  INPUT ---    glabel(2)=sexM;

   * *  WARNING  * *   At least a pair of the encounter histories are duplicates. 

      Number of unique encounter histories read was 13.

      Number of individual covariates read was 0.
      Time interval lengths are all equal to 1.

      Data type number is 4
      Data type is Known Fate                                                                                          

     CPU Time in seconds for last procedure was 0.00

  Program  MARK  - Survival Rate Estimation with Capture-Recapture Data
   gfortran(Win64) Vers. 8.2 Sep 2017    7-Nov-2017 08:39:54    Page  002
 - - - - - - - - - - - - - - - - - - - - - - - - - - - - - - - - - - - - - -
 


  INPUT --- proc estimate link=Logit NOLOOP varest=2ndPart    ;


  INPUT --- model={ S(~sex) };

  INPUT ---    group=1 S    rows=1 cols=15 Square ;
  INPUT ---        1 1 1 1 1 1 1 1 1 1 1 1 1 1 1 ;

  INPUT ---    group=2 S    rows=1 cols=15 Square ;
  INPUT ---        2 2 2 2 2 2 2 2 2 2 2 2 2 2 2 ;

  INPUT ---    design matrix constraints=2 covariates=2;
  INPUT ---        1 0;
  INPUT ---        1 1;
  INPUT ---       blabel(1)=S:(Intercept);
  INPUT ---       blabel(2)=S:sexM;
  INPUT ---       rlabel(1)=S gF a1 t2;
  INPUT ---       rlabel(2)=S gM a1 t2;

 Link Function Used is LOGIT        

 Variance Estimation Procedure Used is 2ndPart 
 -2logL(saturated) = -0.0000000    
 Effective Sample Size = 65

   * *  WARNING  * *   Error number 0 from VA09AD optimization routine. 

 Number of function evaluations was 32 for 2 parameters.
 Time for numerical optimization was 0.01 seconds.
 -2logL { S(~sex) } = 0.1165397E-009
 Penalty { S(~sex) } = -0.0000000    
 Gradient { S(~sex) }:
   0.000000      0.000000    
 S Vector { S(~sex) }:
  0.3430086E-10 0.6226057E-19
 Time to compute number of parameters was 0.02 seconds.
   Threshold =  0.6000000E-07     Condition index =  0.1815131E-08     New Threshold =  0.8804975E-19
 New Guessimate of Estimated Parameters { S(~sex) } = 2          
 Conditioned S Vector { S(~sex) }:
   1.000000     0.1815131E-08
 Number of Estimated Parameters { S(~sex) } = 1          
 DEVIANCE { S(~sex) } = 0.1165397E-009                
 DEVIANCE Degrees of Freedom { S(~sex) } = 10            
 c-hat { S(~sex) } = 0.1165397E-010                
 AIC { S(~sex) } = 2.0000000                  
 AICc { S(~sex) } = 2.0634921                    
 BIC { S(~sex) } = 4.1743873                    
 Pearson Chisquare { S(~sex) } = 144.69103                  
 Possible Encounter Histories { S(~sex) } = 22             
 Pearson Chisquare df { S(~sex) } = 19        
 Pearson chat { S(~sex) } = 7.6153171                  
 Sum(Observed/Expected) { S(~sex) } = 4.2012821                  
 Fletcher chat { S(~sex) } = 39.877584                  


                         LOGIT Link Function Parameters of { S(~sex) }
                                                              95% Confidence Interval
 Parameter                    Beta         Standard Error      Lower           Upper
 -------------------------  --------------  --------------  --------------  --------------
    1:S:(Intercept)         30.161131       0.0000000       30.161131       30.161131     

  Program  MARK  - Survival Rate Estimation with Capture-Recapture Data
   gfortran(Win64) Vers. 8.2 Sep 2017    7-Nov-2017 08:39:54    Page  003
 - - - - - - - - - - - - - - - - - - - - - - - - - - - - - - - - - - - - - -
 
    2:S:sexM                -2.7201290      0.0000000       -2.7201290      -2.7201290    


                         Real Function Parameters of { S(~sex) }
                                                               95% Confidence Interval
  Parameter                  Estimate       Standard Error      Lower           Upper
 --------------------------  --------------  --------------  --------------  --------------
     1:S gF a1 t2            1.0000000       0.0000000       1.0000000       1.0000000                           
     2:S gM a1 t2            1.0000000       0.0000000       1.0000000       1.0000000                           


                     Estimates of Derived Parameters

                   Survival Estimates of { S(~sex) }

       Pr. Surviving
        Duration of                   95% Confidence Interval
 Group     Study      Standard Error     Lower          Upper     
 ----- -------------- -------------- -------------- --------------
   1   1.0000000      0.0000000      1.0000000      1.0000000     
   2   1.0000000      0.0000000      1.0000000      1.0000000     

 Attempted ordering of parameters by estimatibility:
  1 2
 Beta number 2 is a singular value.

     CPU Time in seconds for last procedure was 0.02

  Program  MARK  - Survival Rate Estimation with Capture-Recapture Data
   gfortran(Win64) Vers. 8.2 Sep 2017    7-Nov-2017 08:39:54    Page  004
 - - - - - - - - - - - - - - - - - - - - - - - - - - - - - - - - - - - - - -
 


  INPUT --- proc stop;

     CPU Time in minutes for this job was 0.00

     Time Start = 08:39:54.612   Time End = 08:39:54.620

     Wall Clock Time in minutes for this job was 0.00


          E X E C U T I O N   S U C C E S S F U L 
